<?xml version="1.0" encoding="UTF-8"?>
<!-- Generated by org.testng.reporters.JUnitReportReporter -->
<testsuite hostname="Hp" failures="0" tests="1" name="Gold.VbuygoldValuer" time="48.557" errors="0" timestamp="2024-05-19T12:22:27 IST" skipped="0">
  <testcase classname="Gold.VbuygoldValuer" name="Valuer" time="48.557"/>
  <system-out/>
</testsuite> <!-- Gold.VbuygoldValuer -->
