<?xml version="1.0" encoding="UTF-8"?>
<!-- Generated by org.testng.reporters.JUnitReportReporter -->
<testsuite hostname="Hp" failures="0" tests="1" name="Xyug.Calender" time="10.824" errors="0" timestamp="2024-05-09T13:56:52 IST" skipped="0">
  <testcase classname="Xyug.Calender" name="calender" time="10.824"/>
  <system-out/>
</testsuite> <!-- Xyug.Calender -->
