<?xml version="1.0" encoding="UTF-8"?>
<!-- Generated by org.testng.reporters.JUnitReportReporter -->
<testsuite hostname="Hp" failures="0" tests="1" name="Xyug.Orange" time="8.716" errors="0" timestamp="2024-05-17T09:58:18 IST" skipped="0">
  <testcase classname="Xyug.Orange" name="orange" time="8.716"/>
  <system-out/>
</testsuite> <!-- Xyug.Orange -->
