<?xml version="1.0" encoding="UTF-8"?>
<!-- Generated by org.testng.reporters.JUnitReportReporter -->
<testsuite hostname="Hp" failures="0" tests="1" name="Saibro1.Mouseactions" time="22.638" errors="0" timestamp="2024-05-19T14:51:43 IST" skipped="0">
  <testcase classname="Saibro1.Mouseactions" name="mouse" time="22.638"/>
  <system-out/>
</testsuite> <!-- Saibro1.Mouseactions -->
