<?xml version="1.0" encoding="UTF-8"?>
<!-- Generated by org.testng.reporters.JUnitReportReporter -->
<testsuite hostname="Hp" failures="0" tests="1" name="Gold.Matrika_Necklace" time="82.915" errors="0" timestamp="2024-05-19T15:00:38 IST" skipped="0">
  <testcase classname="Gold.Matrika_Necklace" name="Necklace" time="82.915"/>
  <system-out/>
</testsuite> <!-- Gold.Matrika_Necklace -->
