<?xml version="1.0" encoding="UTF-8"?>
<!-- Generated by org.testng.reporters.JUnitReportReporter -->
<testsuite hostname="Hp" failures="0" tests="1" name="Xyug.Trail" time="40.911" errors="0" timestamp="2024-05-11T15:28:10 IST" skipped="0">
  <testcase classname="Xyug.Trail" name="search" time="40.911"/>
  <system-out/>
</testsuite> <!-- Xyug.Trail -->
