<?xml version="1.0" encoding="UTF-8"?>
<!-- Generated by org.testng.reporters.JUnitReportReporter -->
<testsuite hostname="Hp" failures="0" tests="1" name="Gold.Screenshot_matrika" time="13.493" errors="0" timestamp="2024-05-19T16:19:25 IST" skipped="0">
  <testcase classname="Gold.Screenshot_matrika" name="Screenshot" time="13.493"/>
  <system-out/>
</testsuite> <!-- Gold.Screenshot_matrika -->
