<?xml version="1.0" encoding="UTF-8"?>
<!-- Generated by org.testng.reporters.JUnitReportReporter -->
<testsuite hostname="Hp" failures="0" tests="1" name="Xyug.Makemytrip" time="43.445" errors="0" timestamp="2024-05-11T15:29:54 IST" skipped="0">
  <testcase classname="Xyug.Makemytrip" name="make" time="43.445"/>
  <system-out/>
</testsuite> <!-- Xyug.Makemytrip -->
