<?xml version="1.0" encoding="UTF-8"?>
<!-- Generated by org.testng.reporters.JUnitReportReporter -->
<testsuite hostname="Hp" failures="0" tests="1" name="Saibro1.Screnshot" time="13.367" errors="0" timestamp="2024-05-19T16:12:04 IST" skipped="0">
  <testcase classname="Saibro1.Screnshot" name="shot" time="13.367"/>
  <system-out/>
</testsuite> <!-- Saibro1.Screnshot -->
