<?xml version="1.0" encoding="UTF-8"?>
<!-- Generated by org.testng.reporters.JUnitReportReporter -->
<testsuite hostname="Hp" failures="0" tests="1" name="ObjectRepository.Necklace" time="48.015" errors="0" timestamp="2024-05-14T13:43:26 IST" skipped="0">
  <testcase classname="ObjectRepository.Necklace" name="Chain" time="48.015"/>
  <system-out/>
</testsuite> <!-- ObjectRepository.Necklace -->
