<?xml version="1.0" encoding="UTF-8"?>
<!-- Generated by org.testng.reporters.JUnitReportReporter -->
<testsuite hostname="Hp" failures="0" tests="1" name="Xyug.Maketripbus" time="16.024" errors="0" timestamp="2024-05-10T12:13:00 IST" skipped="0">
  <testcase classname="Xyug.Maketripbus" name="bus" time="16.024"/>
  <system-out/>
</testsuite> <!-- Xyug.Maketripbus -->
