<?xml version="1.0" encoding="UTF-8"?>
<!-- Generated by org.testng.reporters.JUnitReportReporter -->
<testsuite hostname="Hp" failures="0" tests="1" name="Gold.Mouseaction_Matrika" time="30.673" errors="0" timestamp="2024-05-19T15:12:22 IST" skipped="0">
  <testcase classname="Gold.Mouseaction_Matrika" name="MouseactionsMatrika" time="30.673"/>
  <system-out/>
</testsuite> <!-- Gold.Mouseaction_Matrika -->
