<?xml version="1.0" encoding="UTF-8"?>
<!-- Generated by org.testng.reporters.JUnitReportReporter -->
<testsuite hostname="Hp" failures="0" tests="1" name="Saibro1.Matrika_Nose_Pins" time="55.187" errors="0" timestamp="2024-05-19T14:40:41 IST" skipped="0">
  <testcase classname="Saibro1.Matrika_Nose_Pins" name="nosepins" time="55.187"/>
  <system-out/>
</testsuite> <!-- Saibro1.Matrika_Nose_Pins -->
