<?xml version="1.0" encoding="UTF-8"?>
<!-- Generated by org.testng.reporters.JUnitReportReporter -->
<testsuite hostname="Hp" failures="0" tests="1" name="Xyug.Matrika" time="28.943" errors="0" timestamp="2024-05-08T11:14:51 IST" skipped="0">
  <testcase classname="Xyug.Matrika" name="asd" time="28.943"/>
  <system-out/>
</testsuite> <!-- Xyug.Matrika -->
