<?xml version="1.0" encoding="UTF-8"?>
<!-- Generated by org.testng.reporters.JUnitReportReporter -->
<testsuite hostname="Hp" failures="0" tests="7" name="Gold.DiffScripts" time="181.389" errors="0" timestamp="2024-05-19T16:02:35 IST" skipped="0">
  <testcase classname="Gold.DiffScripts" name="asd" time="39.695"/>
  <system-out/>
  <testcase classname="Gold.DiffScripts" name="sss" time="49.164"/>
  <system-out/>
  <testcase classname="Gold.DiffScripts" name="abc" time="3.184"/>
  <system-out/>
  <testcase classname="Gold.DiffScripts" name="xyz" time="10.293"/>
  <system-out/>
  <testcase classname="Gold.DiffScripts" name="Dropdown" time="35.814"/>
  <system-out/>
  <testcase classname="Gold.DiffScripts" name="aaa" time="37.898"/>
  <system-out/>
  <testcase classname="Gold.DiffScripts" name="pqr" time="5.341"/>
  <system-out/>
</testsuite> <!-- Gold.DiffScripts -->
