<?xml version="1.0" encoding="UTF-8"?>
<!-- Generated by org.testng.reporters.JUnitReportReporter -->
<testsuite hostname="Hp" failures="0" tests="1" name="Xyug.Flipkart" time="22.796" errors="0" timestamp="2024-05-10T15:54:12 IST" skipped="0">
  <testcase classname="Xyug.Flipkart" name="flipkart" time="22.796"/>
  <system-out/>
</testsuite> <!-- Xyug.Flipkart -->
