<?xml version="1.0" encoding="UTF-8"?>
<!-- Generated by org.testng.reporters.JUnitReportReporter -->
<testsuite hostname="Hp" failures="0" tests="1" name="Xyug.Makemytrip" time="52.483" errors="0" timestamp="2024-06-02T22:03:56 IST" skipped="0">
  <testcase classname="Xyug.Makemytrip" name="make" time="52.483"/>
  <system-out/>
</testsuite> <!-- Xyug.Makemytrip -->
